Flow report for CPU_Nios2
Thu Jul 02 15:22:46 2015
Quartus II 64-Bit Version 14.1.0 Build 186 12/03/2014 SJ Full Version


---------------------
; Table of Contents ;
---------------------
  1. Legal Notice
  2. Flow Summary
  3. Flow Settings
  4. Flow Non-Default Global Settings
  5. Flow Elapsed Time
  6. Flow OS Summary
  7. Flow Log
  8. Flow Messages
  9. Flow Suppressed Messages



----------------
; Legal Notice ;
----------------
Copyright (C) 1991-2014 Altera Corporation. All rights reserved.
Your use of Altera Corporation's design tools, logic functions 
and other software and tools, and its AMPP partner logic 
functions, and any output files from any of the foregoing 
(including device programming or simulation files), and any 
associated documentation or information are expressly subject 
to the terms and conditions of the Altera Program License 
Subscription Agreement, the Altera Quartus II License Agreement,
the Altera MegaCore Function License Agreement, or other 
applicable license agreement, including, without limitation, 
that your use is for the sole purpose of programming logic 
devices manufactured by Altera and sold by Altera or its 
authorized distributors.  Please refer to the applicable 
agreement for further details.



+----------------------------------------------------------------------------------+
; Flow Summary                                                                     ;
+------------------------------------+---------------------------------------------+
; Flow Status                        ; Successful - Thu Jul 02 15:22:37 2015       ;
; Quartus II 64-Bit Version          ; 14.1.0 Build 186 12/03/2014 SJ Full Version ;
; Revision Name                      ; CPU_Nios2                                   ;
; Top-level Entity Name              ; Nios2CPU                                    ;
; Family                             ; MAX 10                                      ;
; Device                             ; 10M08SAE144C8GES                            ;
; Timing Models                      ; Preliminary                                 ;
; Total logic elements               ; 1,710 / 8,064 ( 21 % )                      ;
;     Total combinational functions  ; 1,618 / 8,064 ( 20 % )                      ;
;     Dedicated logic registers      ; 919 / 8,064 ( 11 % )                        ;
; Total registers                    ; 919                                         ;
; Total pins                         ; 6 / 101 ( 6 % )                             ;
; Total virtual pins                 ; 0                                           ;
; Total memory bits                  ; 273,408 / 387,072 ( 71 % )                  ;
; Embedded Multiplier 9-bit elements ; 0 / 48 ( 0 % )                              ;
; Total PLLs                         ; 0 / 1 ( 0 % )                               ;
; UFM blocks                         ; 0 / 1 ( 0 % )                               ;
; ADC blocks                         ; 0 / 1 ( 0 % )                               ;
+------------------------------------+---------------------------------------------+


+-----------------------------------------+
; Flow Settings                           ;
+-------------------+---------------------+
; Option            ; Setting             ;
+-------------------+---------------------+
; Start date & time ; 07/02/2015 15:21:22 ;
; Main task         ; Compilation         ;
; Revision Name     ; CPU_Nios2           ;
+-------------------+---------------------+


+---------------------------------------------------------------------------------------------------------------------------------------------+
; Flow Non-Default Global Settings                                                                                                            ;
+-------------------------------------+------------------------------------------------------------+---------------+-------------+------------+
; Assignment Name                     ; Value                                                      ; Default Value ; Entity Name ; Section Id ;
+-------------------------------------+------------------------------------------------------------+---------------+-------------+------------+
; COMPILER_SIGNATURE_ID               ; 1098828803479.143582168200368                              ; --            ; --          ; --         ;
; MAX_CORE_JUNCTION_TEMP              ; 85                                                         ; --            ; --          ; --         ;
; MIN_CORE_JUNCTION_TEMP              ; 0                                                          ; --            ; --          ; --         ;
; MISC_FILE                           ; output_files/Nios2CPU/synthesis/../Nios2CPU.cmp            ; --            ; --          ; --         ;
; MISC_FILE                           ; output_files/Nios2CPU/synthesis/../../Nios2CPU.qsys        ; --            ; --          ; --         ;
; OUTPUT_IO_TIMING_FAR_END_VMEAS      ; Half Signal Swing                                          ; --            ; --          ; --         ;
; OUTPUT_IO_TIMING_FAR_END_VMEAS      ; Half Signal Swing                                          ; --            ; --          ; --         ;
; OUTPUT_IO_TIMING_NEAR_END_VMEAS     ; Half Vccio                                                 ; --            ; --          ; --         ;
; OUTPUT_IO_TIMING_NEAR_END_VMEAS     ; Half Vccio                                                 ; --            ; --          ; --         ;
; PARTITION_COLOR                     ; 16764057                                                   ; --            ; Nios2CPU    ; Top        ;
; PARTITION_FITTER_PRESERVATION_LEVEL ; PLACEMENT_AND_ROUTING                                      ; --            ; Nios2CPU    ; Top        ;
; PARTITION_NETLIST_TYPE              ; SOURCE                                                     ; --            ; Nios2CPU    ; Top        ;
; PROJECT_OUTPUT_DIRECTORY            ; output_files                                               ; --            ; --          ; --         ;
; SLD_FILE                            ; output_files/Nios2CPU/synthesis/Nios2CPU.regmap            ; --            ; --          ; --         ;
; SLD_FILE                            ; output_files/Nios2CPU/synthesis/Nios2CPU.debuginfo         ; --            ; --          ; --         ;
; SLD_INFO                            ; QSYS_NAME Nios2CPU HAS_SOPCINFO 1 GENERATION_ID 1435806319 ; --            ; Nios2CPU    ; --         ;
; SOPCINFO_FILE                       ; output_files/Nios2CPU/synthesis/../../Nios2CPU.sopcinfo    ; --            ; --          ; --         ;
; SYNTHESIS_ONLY_QIP                  ; On                                                         ; --            ; --          ; --         ;
; TOP_LEVEL_ENTITY                    ; Nios2CPU                                                   ; CPU_Nios2     ; --          ; --         ;
+-------------------------------------+------------------------------------------------------------+---------------+-------------+------------+


+-------------------------------------------------------------------------------------------------------------------------------+
; Flow Elapsed Time                                                                                                             ;
+---------------------------+--------------+-------------------------+---------------------+------------------------------------+
; Module Name               ; Elapsed Time ; Average Processors Used ; Peak Virtual Memory ; Total CPU Time (on all processors) ;
+---------------------------+--------------+-------------------------+---------------------+------------------------------------+
; Analysis & Synthesis      ; 00:00:46     ; 1.0                     ; 733 MB              ; 00:01:28                           ;
; Fitter                    ; 00:00:20     ; 1.3                     ; 1178 MB             ; 00:00:24                           ;
; Assembler                 ; 00:00:02     ; 1.0                     ; 574 MB              ; 00:00:02                           ;
; TimeQuest Timing Analyzer ; 00:00:06     ; 1.2                     ; 655 MB              ; 00:00:07                           ;
; Total                     ; 00:01:14     ; --                      ; --                  ; 00:02:01                           ;
+---------------------------+--------------+-------------------------+---------------------+------------------------------------+


+----------------------------------------------------------------------------------------+
; Flow OS Summary                                                                        ;
+---------------------------+------------------+-----------+------------+----------------+
; Module Name               ; Machine Hostname ; OS Name   ; OS Version ; Processor type ;
+---------------------------+------------------+-----------+------------+----------------+
; Analysis & Synthesis      ; obyn             ; Windows 7 ; 6.2        ; x86_64         ;
; Fitter                    ; obyn             ; Windows 7 ; 6.2        ; x86_64         ;
; Assembler                 ; obyn             ; Windows 7 ; 6.2        ; x86_64         ;
; TimeQuest Timing Analyzer ; obyn             ; Windows 7 ; 6.2        ; x86_64         ;
+---------------------------+------------------+-----------+------------+----------------+


------------
; Flow Log ;
------------
quartus_map --read_settings_files=on --write_settings_files=off CPU_Nios2 -c CPU_Nios2
quartus_fit --read_settings_files=off --write_settings_files=off CPU_Nios2 -c CPU_Nios2
quartus_asm --read_settings_files=off --write_settings_files=off CPU_Nios2 -c CPU_Nios2
quartus_sta CPU_Nios2 -c CPU_Nios2



